<?xml version="1.0" encoding="UTF-8"?>
<!-- Generated by org.testng.reporters.JUnitReportReporter -->
<testsuite skipped="0" hostname="abhi" name="script.InvalidLogin" tests="1" failures="0" timestamp="13 Mar 2018 06:14:10 GMT" time="108.805" errors="0">
  <testcase name="testInvalidLogin" time="108.805" classname="script.InvalidLogin"/>
</testsuite> <!-- script.InvalidLogin -->
